<?xml version="1.0" encoding="UTF-8"?>
<robot generator="Robot 6.1.1 (Python 3.12.0 on win32)" generated="20231208 15:51:23.358" rpa="false" schemaversion="4">
<suite id="s1" name="Cadastro Testes" source="C:\ProjetoCCEE\WebTesting\cadastro_testes.robot">
<test id="s1-t1" name="Caso de Teste 01 - Cadastro de seguro" line="10">
<kw name="Open Browser" library="SeleniumLibrary" type="SETUP">
<doc>Opens a new browser instance to the optional ``url``.</doc>
<msg timestamp="20231208 15:51:23.796" level="INFO">Opening browser 'firefox' to base url 'None'.</msg>
<status status="PASS" starttime="20231208 15:51:23.796" endtime="20231208 15:51:32.688"/>
</kw>
<kw name="Dado que estou na tela de cadastro" library="cadastro_resources">
<kw name="Go To" library="SeleniumLibrary">
<arg>url=${URL}</arg>
<doc>Navigates the current browser window to the provided ``url``.</doc>
<msg timestamp="20231208 15:51:32.688" level="INFO">Opening url 'http://sampleapp.tricentis.com/101/app.php'</msg>
<status status="PASS" starttime="20231208 15:51:32.688" endtime="20231208 15:51:36.110"/>
</kw>
<kw name="Wait Until Element Is Visible" library="SeleniumLibrary">
<arg>locator=${MENU_VEICULO}</arg>
<doc>Waits until the element ``locator`` is visible.</doc>
<status status="PASS" starttime="20231208 15:51:36.110" endtime="20231208 15:51:36.175"/>
</kw>
<status status="PASS" starttime="20231208 15:51:32.688" endtime="20231208 15:51:36.175"/>
</kw>
<kw name="Quando informar os dados do &quot;Seguro&quot;" library="cadastro_resources">
<kw name="Select From List By Label" library="SeleniumLibrary">
<arg>Make</arg>
<arg>Audi</arg>
<doc>Selects options from selection list ``locator`` by ``labels``.</doc>
<msg timestamp="20231208 15:51:36.175" level="INFO">Selecting options from selection list 'Make' by label Audi.</msg>
<status status="PASS" starttime="20231208 15:51:36.175" endtime="20231208 15:51:36.475"/>
</kw>
<kw name="Input Text" library="SeleniumLibrary">
<arg>locator=engineperformance</arg>
<arg>text=100</arg>
<doc>Types the given ``text`` into the text field identified by ``locator``.</doc>
<msg timestamp="20231208 15:51:36.475" level="INFO">Typing text '100' into text field 'engineperformance'.</msg>
<status status="PASS" starttime="20231208 15:51:36.475" endtime="20231208 15:51:36.600"/>
</kw>
<kw name="Input Text" library="SeleniumLibrary">
<arg>locator=//input[contains(@name,'Date of Manufacture')]</arg>
<arg>text=11/08/2000</arg>
<doc>Types the given ``text`` into the text field identified by ``locator``.</doc>
<msg timestamp="20231208 15:51:36.602" level="INFO">Typing text '11/08/2000' into text field '//input[contains(@name,'Date of Manufacture')]'.</msg>
<status status="PASS" starttime="20231208 15:51:36.602" endtime="20231208 15:51:36.805"/>
</kw>
<kw name="Select From List By Label" library="SeleniumLibrary">
<arg>Number of Seats</arg>
<arg>2</arg>
<doc>Selects options from selection list ``locator`` by ``labels``.</doc>
<msg timestamp="20231208 15:51:36.805" level="INFO">Selecting options from selection list 'Number of Seats' by label 2.</msg>
<status status="PASS" starttime="20231208 15:51:36.805" endtime="20231208 15:51:37.062"/>
</kw>
<kw name="Select From List By Label" library="SeleniumLibrary">
<arg>Fuel Type</arg>
<arg>Diesel</arg>
<doc>Selects options from selection list ``locator`` by ``labels``.</doc>
<msg timestamp="20231208 15:51:37.062" level="INFO">Selecting options from selection list 'Fuel Type' by label Diesel.</msg>
<status status="PASS" starttime="20231208 15:51:37.062" endtime="20231208 15:51:37.337"/>
</kw>
<kw name="Input Text" library="SeleniumLibrary">
<arg>locator=listprice</arg>
<arg>text=500</arg>
<doc>Types the given ``text`` into the text field identified by ``locator``.</doc>
<msg timestamp="20231208 15:51:37.337" level="INFO">Typing text '500' into text field 'listprice'.</msg>
<status status="PASS" starttime="20231208 15:51:37.337" endtime="20231208 15:51:37.438"/>
</kw>
<kw name="Input Text" library="SeleniumLibrary">
<arg>locator=//input[contains(@name,'License Plate Number')]</arg>
<arg>text=0910330</arg>
<doc>Types the given ``text`` into the text field identified by ``locator``.</doc>
<msg timestamp="20231208 15:51:37.438" level="INFO">Typing text '0910330' into text field '//input[contains(@name,'License Plate Number')]'.</msg>
<status status="PASS" starttime="20231208 15:51:37.438" endtime="20231208 15:51:37.518"/>
</kw>
<kw name="Input Text" library="SeleniumLibrary">
<arg>locator=annualmileage</arg>
<arg>text=100</arg>
<doc>Types the given ``text`` into the text field identified by ``locator``.</doc>
<msg timestamp="20231208 15:51:37.518" level="INFO">Typing text '100' into text field 'annualmileage'.</msg>
<status status="PASS" starttime="20231208 15:51:37.518" endtime="20231208 15:51:37.597"/>
</kw>
<kw name="Click Element" library="SeleniumLibrary">
<arg>locator=//button[@name='Next (Enter Insurant Data)'][contains(.,'Next »')]</arg>
<doc>Click the element identified by ``locator``.</doc>
<msg timestamp="20231208 15:51:37.597" level="INFO">Clicking element '//button[@name='Next (Enter Insurant Data)'][contains(.,'Next »')]'.</msg>
<status status="PASS" starttime="20231208 15:51:37.597" endtime="20231208 15:51:37.883"/>
</kw>
<kw name="Wait Until Element Is Visible" library="SeleniumLibrary">
<arg>locator=${MENU_SEGURO}</arg>
<doc>Waits until the element ``locator`` is visible.</doc>
<status status="PASS" starttime="20231208 15:51:37.883" endtime="20231208 15:51:37.901"/>
</kw>
<kw name="Input Text" library="SeleniumLibrary">
<arg>locator=firstname</arg>
<arg>text=Hildo</arg>
<doc>Types the given ``text`` into the text field identified by ``locator``.</doc>
<msg timestamp="20231208 15:51:37.915" level="INFO">Typing text 'Hildo' into text field 'firstname'.</msg>
<status status="PASS" starttime="20231208 15:51:37.901" endtime="20231208 15:51:37.979"/>
</kw>
<kw name="Input Text" library="SeleniumLibrary">
<arg>locator=lastname</arg>
<arg>text=Costa</arg>
<doc>Types the given ``text`` into the text field identified by ``locator``.</doc>
<msg timestamp="20231208 15:51:37.979" level="INFO">Typing text 'Costa' into text field 'lastname'.</msg>
<status status="PASS" starttime="20231208 15:51:37.979" endtime="20231208 15:51:38.074"/>
</kw>
<kw name="Input Text" library="SeleniumLibrary">
<arg>locator=birthdate</arg>
<arg>text=11/08/1990</arg>
<doc>Types the given ``text`` into the text field identified by ``locator``.</doc>
<msg timestamp="20231208 15:51:38.074" level="INFO">Typing text '11/08/1990' into text field 'birthdate'.</msg>
<status status="PASS" starttime="20231208 15:51:38.074" endtime="20231208 15:51:38.237"/>
</kw>
<kw name="Input Text" library="SeleniumLibrary">
<arg>locator=streetaddress</arg>
<arg>text=Rua Pajacus</arg>
<doc>Types the given ``text`` into the text field identified by ``locator``.</doc>
<msg timestamp="20231208 15:51:38.237" level="INFO">Typing text 'Rua Pajacus' into text field 'streetaddress'.</msg>
<status status="PASS" starttime="20231208 15:51:38.237" endtime="20231208 15:51:38.329"/>
</kw>
<kw name="Input Text" library="SeleniumLibrary">
<arg>locator=zipcode</arg>
<arg>text=61760745</arg>
<doc>Types the given ``text`` into the text field identified by ``locator``.</doc>
<msg timestamp="20231208 15:51:38.329" level="INFO">Typing text '61760745' into text field 'zipcode'.</msg>
<status status="PASS" starttime="20231208 15:51:38.329" endtime="20231208 15:51:38.442"/>
</kw>
<kw name="Select From List By Label" library="SeleniumLibrary">
<arg>Country</arg>
<arg>Brazil</arg>
<doc>Selects options from selection list ``locator`` by ``labels``.</doc>
<msg timestamp="20231208 15:51:38.442" level="INFO">Selecting options from selection list 'Country' by label Brazil.</msg>
<status status="PASS" starttime="20231208 15:51:38.442" endtime="20231208 15:51:38.709"/>
</kw>
<kw name="Select From List By Label" library="SeleniumLibrary">
<arg>Occupation</arg>
<arg>Employee</arg>
<doc>Selects options from selection list ``locator`` by ``labels``.</doc>
<msg timestamp="20231208 15:51:38.709" level="INFO">Selecting options from selection list 'Occupation' by label Employee.</msg>
<status status="PASS" starttime="20231208 15:51:38.709" endtime="20231208 15:51:38.987"/>
</kw>
<kw name="Wait Until Element Is Visible" library="SeleniumLibrary">
<arg>${CHECKBOX}</arg>
<doc>Waits until the element ``locator`` is visible.</doc>
<msg timestamp="20231208 15:51:44.258" level="INFO" html="true">&lt;/td&gt;&lt;/tr&gt;&lt;tr&gt;&lt;td colspan="3"&gt;&lt;a href="selenium-screenshot-67.png"&gt;&lt;img src="selenium-screenshot-67.png" width="800px"&gt;&lt;/a&gt;</msg>
<msg timestamp="20231208 15:51:44.258" level="FAIL">Element '//p[@class='group'][contains(.,'Speeding Bungee Jumping Cliff Diving Skydiving Other')]' not visible after 5 seconds.</msg>
<status status="FAIL" starttime="20231208 15:51:38.987" endtime="20231208 15:51:44.274"/>
</kw>
<kw name="Select Checkbox" library="SeleniumLibrary">
<arg>speeding</arg>
<doc>Selects the checkbox identified by ``locator``.</doc>
<status status="NOT RUN" starttime="20231208 15:51:44.274" endtime="20231208 15:51:44.274"/>
</kw>
<kw name="Checkbox Should Be Selected" library="SeleniumLibrary">
<arg>Hobbies</arg>
<doc>Verifies checkbox ``locator`` is selected/checked.</doc>
<status status="NOT RUN" starttime="20231208 15:51:44.274" endtime="20231208 15:51:44.274"/>
</kw>
<status status="FAIL" starttime="20231208 15:51:36.175" endtime="20231208 15:51:44.274"/>
</kw>
<kw name="Fechar o navegador" library="cadastro_resources" type="TEARDOWN">
<kw name="Capture Page Screenshot" library="SeleniumLibrary">
<doc>Takes a screenshot of the current page and embeds it into a log file.</doc>
<msg timestamp="20231208 15:51:44.353" level="INFO" html="true">&lt;/td&gt;&lt;/tr&gt;&lt;tr&gt;&lt;td colspan="3"&gt;&lt;a href="selenium-screenshot-68.png"&gt;&lt;img src="selenium-screenshot-68.png" width="800px"&gt;&lt;/a&gt;</msg>
<status status="PASS" starttime="20231208 15:51:44.274" endtime="20231208 15:51:44.353"/>
</kw>
<kw name="Close Browser" library="SeleniumLibrary">
<doc>Closes the current browser.</doc>
<status status="PASS" starttime="20231208 15:51:44.353" endtime="20231208 15:51:48.169"/>
</kw>
<status status="PASS" starttime="20231208 15:51:44.274" endtime="20231208 15:51:48.169"/>
</kw>
<doc>Esse teste verifica o cadastro do seguro de um veiculo</doc>
<tag>cadastro_seguro</tag>
<tag>seguro</tag>
<status status="FAIL" starttime="20231208 15:51:23.796" endtime="20231208 15:51:48.169">Element '//p[@class='group'][contains(.,'Speeding Bungee Jumping Cliff Diving Skydiving Other')]' not visible after 5 seconds.</status>
</test>
<doc>essa suite testa o cadastro de informações do site sampleapp</doc>
<status status="FAIL" starttime="20231208 15:51:23.361" endtime="20231208 15:51:48.172"/>
</suite>
<statistics>
<total>
<stat pass="0" fail="1" skip="0">All Tests</stat>
</total>
<tag>
<stat pass="0" fail="1" skip="0">cadastro_seguro</stat>
<stat pass="0" fail="1" skip="0">seguro</stat>
</tag>
<suite>
<stat pass="0" fail="1" skip="0" id="s1" name="Cadastro Testes">Cadastro Testes</stat>
</suite>
</statistics>
<errors>
</errors>
</robot>
